{"/home/runner/work/log-it-pretty/log-it-pretty/src/colorize-text.ts": {"path":"/home/runner/work/log-it-pretty/log-it-pretty/src/colorize-text.ts","all":false,"statementMap":{"0":{"start":{"line":1,"column":0},"end":{"line":1,"column":61}},"2":{"start":{"line":3,"column":0},"end":{"line":3,"column":77}},"3":{"start":{"line":4,"column":0},"end":{"line":4,"column":68}},"4":{"start":{"line":5,"column":0},"end":{"line":5,"column":1}}},"s":{"0":1,"2":1,"3":7,"4":7},"branchMap":{"0":{"type":"branch","line":3,"loc":{"start":{"line":3,"column":28},"end":{"line":5,"column":1}},"locations":[{"start":{"line":3,"column":28},"end":{"line":5,"column":1}}]}},"b":{"0":[7]},"fnMap":{"0":{"name":"colorizeText","decl":{"start":{"line":3,"column":28},"end":{"line":5,"column":1}},"loc":{"start":{"line":3,"column":28},"end":{"line":5,"column":1}},"line":3}},"f":{"0":7}}
,"/home/runner/work/log-it-pretty/log-it-pretty/src/get-color-code.ts": {"path":"/home/runner/work/log-it-pretty/log-it-pretty/src/get-color-code.ts","all":false,"statementMap":{"2":{"start":{"line":3,"column":0},"end":{"line":3,"column":52}},"3":{"start":{"line":4,"column":0},"end":{"line":4,"column":17}},"4":{"start":{"line":5,"column":0},"end":{"line":5,"column":20}},"5":{"start":{"line":6,"column":0},"end":{"line":6,"column":19}},"6":{"start":{"line":7,"column":0},"end":{"line":7,"column":19}},"7":{"start":{"line":8,"column":0},"end":{"line":8,"column":18}},"8":{"start":{"line":9,"column":0},"end":{"line":9,"column":1}},"10":{"start":{"line":11,"column":0},"end":{"line":11,"column":58}},"11":{"start":{"line":12,"column":0},"end":{"line":12,"column":30}},"12":{"start":{"line":13,"column":0},"end":{"line":13,"column":27}},"13":{"start":{"line":14,"column":0},"end":{"line":14,"column":3}},"14":{"start":{"line":15,"column":0},"end":{"line":15,"column":25}},"15":{"start":{"line":16,"column":0},"end":{"line":16,"column":1}}},"s":{"2":1,"3":1,"4":1,"5":1,"6":1,"7":1,"8":1,"10":1,"11":19,"12":1,"13":1,"14":18,"15":18},"branchMap":{"0":{"type":"branch","line":11,"loc":{"start":{"line":11,"column":28},"end":{"line":16,"column":1}},"locations":[{"start":{"line":11,"column":28},"end":{"line":16,"column":1}}]},"1":{"type":"branch","line":12,"loc":{"start":{"line":12,"column":29},"end":{"line":14,"column":3}},"locations":[{"start":{"line":12,"column":29},"end":{"line":14,"column":3}}]},"2":{"type":"branch","line":14,"loc":{"start":{"line":14,"column":2},"end":{"line":16,"column":1}},"locations":[{"start":{"line":14,"column":2},"end":{"line":16,"column":1}}]}},"b":{"0":[19],"1":[1],"2":[18]},"fnMap":{"0":{"name":"getColorCode","decl":{"start":{"line":11,"column":28},"end":{"line":16,"column":1}},"loc":{"start":{"line":11,"column":28},"end":{"line":16,"column":1}},"line":11}},"f":{"0":19}}
,"/home/runner/work/log-it-pretty/log-it-pretty/src/i-log-it-pretty.ts": {"path":"/home/runner/work/log-it-pretty/log-it-pretty/src/i-log-it-pretty.ts","all":true,"statementMap":{},"s":{},"branchMap":{"0":{"type":"branch","line":1,"loc":{"start":{"line":1,"column":108},"end":{"line":6,"column":1}},"locations":[{"start":{"line":1,"column":108},"end":{"line":6,"column":1}}]}},"b":{"0":[1]},"fnMap":{"0":{"name":"(empty-report)","decl":{"start":{"line":1,"column":108},"end":{"line":6,"column":1}},"loc":{"start":{"line":1,"column":108},"end":{"line":6,"column":1}},"line":1}},"f":{"0":1}}
,"/home/runner/work/log-it-pretty/log-it-pretty/src/index.ts": {"path":"/home/runner/work/log-it-pretty/log-it-pretty/src/index.ts","all":false,"statementMap":{"0":{"start":{"line":1,"column":0},"end":{"line":1,"column":49}},"5":{"start":{"line":6,"column":0},"end":{"line":6,"column":29}},"6":{"start":{"line":7,"column":0},"end":{"line":7,"column":13}},"7":{"start":{"line":8,"column":0},"end":{"line":8,"column":9}},"8":{"start":{"line":9,"column":0},"end":{"line":9,"column":11}},"9":{"start":{"line":10,"column":0},"end":{"line":10,"column":5}},"10":{"start":{"line":11,"column":0},"end":{"line":11,"column":34}},"11":{"start":{"line":12,"column":0},"end":{"line":12,"column":17}},"13":{"start":{"line":14,"column":0},"end":{"line":14,"column":33}},"14":{"start":{"line":15,"column":0},"end":{"line":15,"column":52}},"15":{"start":{"line":16,"column":0},"end":{"line":16,"column":75}},"16":{"start":{"line":17,"column":0},"end":{"line":17,"column":64}},"17":{"start":{"line":18,"column":0},"end":{"line":18,"column":75}},"18":{"start":{"line":19,"column":0},"end":{"line":19,"column":3}},"20":{"start":{"line":21,"column":0},"end":{"line":21,"column":29}},"21":{"start":{"line":22,"column":0},"end":{"line":22,"column":52}},"22":{"start":{"line":23,"column":0},"end":{"line":23,"column":29}},"23":{"start":{"line":24,"column":0},"end":{"line":24,"column":3}},"25":{"start":{"line":26,"column":0},"end":{"line":26,"column":31}},"26":{"start":{"line":27,"column":0},"end":{"line":27,"column":58}},"27":{"start":{"line":28,"column":0},"end":{"line":28,"column":57}},"28":{"start":{"line":29,"column":0},"end":{"line":29,"column":32}},"29":{"start":{"line":30,"column":0},"end":{"line":30,"column":3}},"31":{"start":{"line":32,"column":0},"end":{"line":32,"column":26}},"32":{"start":{"line":33,"column":0},"end":{"line":33,"column":44}},"33":{"start":{"line":34,"column":0},"end":{"line":34,"column":25}},"34":{"start":{"line":35,"column":0},"end":{"line":35,"column":3}},"36":{"start":{"line":37,"column":0},"end":{"line":37,"column":22}},"37":{"start":{"line":38,"column":0},"end":{"line":38,"column":1}}},"s":{"0":1,"5":1,"6":2,"7":2,"8":2,"9":2,"10":2,"11":2,"13":2,"14":1,"15":1,"16":1,"17":1,"18":1,"20":2,"21":2,"22":2,"23":2,"25":2,"26":1,"27":1,"28":1,"29":1,"31":2,"32":1,"33":1,"34":1,"36":2,"37":2},"branchMap":{"0":{"type":"branch","line":6,"loc":{"start":{"line":6,"column":27},"end":{"line":38,"column":1}},"locations":[{"start":{"line":6,"column":27},"end":{"line":38,"column":1}}]},"1":{"type":"branch","line":14,"loc":{"start":{"line":14,"column":32},"end":{"line":19,"column":3}},"locations":[{"start":{"line":14,"column":32},"end":{"line":19,"column":3}}]},"2":{"type":"branch","line":26,"loc":{"start":{"line":26,"column":30},"end":{"line":30,"column":3}},"locations":[{"start":{"line":26,"column":30},"end":{"line":30,"column":3}}]},"3":{"type":"branch","line":32,"loc":{"start":{"line":32,"column":25},"end":{"line":35,"column":3}},"locations":[{"start":{"line":32,"column":25},"end":{"line":35,"column":3}}]}},"b":{"0":[2],"1":[1],"2":[1],"3":[1]},"fnMap":{"0":{"name":"logItPretty","decl":{"start":{"line":6,"column":27},"end":{"line":38,"column":1}},"loc":{"start":{"line":6,"column":27},"end":{"line":38,"column":1}},"line":6}},"f":{"0":2}}
,"/home/runner/work/log-it-pretty/log-it-pretty/src/map-status-to-detail-emoji.ts": {"path":"/home/runner/work/log-it-pretty/log-it-pretty/src/map-status-to-detail-emoji.ts","all":false,"statementMap":{"0":{"start":{"line":1,"column":0},"end":{"line":1,"column":71}},"1":{"start":{"line":2,"column":0},"end":{"line":2,"column":53}},"4":{"start":{"line":5,"column":0},"end":{"line":5,"column":14}},"5":{"start":{"line":6,"column":0},"end":{"line":6,"column":14}},"6":{"start":{"line":7,"column":0},"end":{"line":7,"column":15}},"9":{"start":{"line":10,"column":0},"end":{"line":10,"column":13}},"10":{"start":{"line":11,"column":0},"end":{"line":11,"column":14}},"11":{"start":{"line":12,"column":0},"end":{"line":12,"column":14}},"12":{"start":{"line":13,"column":0},"end":{"line":13,"column":14}},"13":{"start":{"line":14,"column":0},"end":{"line":14,"column":14}},"14":{"start":{"line":15,"column":0},"end":{"line":15,"column":15}},"15":{"start":{"line":16,"column":0},"end":{"line":16,"column":14}},"16":{"start":{"line":17,"column":0},"end":{"line":17,"column":14}},"17":{"start":{"line":18,"column":0},"end":{"line":18,"column":14}},"19":{"start":{"line":20,"column":0},"end":{"line":20,"column":14}},"20":{"start":{"line":21,"column":0},"end":{"line":21,"column":14}},"21":{"start":{"line":22,"column":0},"end":{"line":22,"column":14}},"22":{"start":{"line":23,"column":0},"end":{"line":23,"column":13}},"23":{"start":{"line":24,"column":0},"end":{"line":24,"column":12}},"24":{"start":{"line":25,"column":0},"end":{"line":25,"column":3}},"26":{"start":{"line":27,"column":0},"end":{"line":27,"column":44}},"27":{"start":{"line":28,"column":0},"end":{"line":28,"column":1}}},"s":{"0":1,"1":1,"4":1,"5":1,"6":1,"9":1,"10":1,"11":1,"12":1,"13":1,"14":1,"15":1,"16":1,"17":1,"19":1,"20":1,"21":1,"22":1,"23":1,"24":1,"26":1,"27":1},"branchMap":{"0":{"type":"branch","line":1,"loc":{"start":{"line":1,"column":38},"end":{"line":28,"column":1}},"locations":[{"start":{"line":1,"column":38},"end":{"line":28,"column":1}}]},"1":{"type":"branch","line":27,"loc":{"start":{"line":27,"column":34},"end":{"line":27,"column":44}},"locations":[{"start":{"line":27,"column":34},"end":{"line":27,"column":44}}]}},"b":{"0":[1],"1":[0]},"fnMap":{"0":{"name":"mapStatusToDetailEmoji","decl":{"start":{"line":1,"column":38},"end":{"line":28,"column":1}},"loc":{"start":{"line":1,"column":38},"end":{"line":28,"column":1}},"line":1}},"f":{"0":1}}
,"/home/runner/work/log-it-pretty/log-it-pretty/src/map-status-to-emoji.ts": {"path":"/home/runner/work/log-it-pretty/log-it-pretty/src/map-status-to-emoji.ts","all":false,"statementMap":{"0":{"start":{"line":1,"column":0},"end":{"line":1,"column":65}},"1":{"start":{"line":2,"column":0},"end":{"line":2,"column":50}},"3":{"start":{"line":4,"column":0},"end":{"line":4,"column":24}},"4":{"start":{"line":5,"column":0},"end":{"line":5,"column":11}},"6":{"start":{"line":7,"column":0},"end":{"line":7,"column":17}},"8":{"start":{"line":9,"column":0},"end":{"line":9,"column":11}},"10":{"start":{"line":11,"column":0},"end":{"line":11,"column":16}},"12":{"start":{"line":13,"column":0},"end":{"line":13,"column":11}},"14":{"start":{"line":15,"column":0},"end":{"line":15,"column":17}},"16":{"start":{"line":17,"column":0},"end":{"line":17,"column":11}},"18":{"start":{"line":19,"column":0},"end":{"line":19,"column":17}},"20":{"start":{"line":21,"column":0},"end":{"line":21,"column":11}},"22":{"start":{"line":23,"column":0},"end":{"line":23,"column":17}},"24":{"start":{"line":25,"column":0},"end":{"line":25,"column":12}},"26":{"start":{"line":27,"column":0},"end":{"line":27,"column":17}},"27":{"start":{"line":28,"column":0},"end":{"line":28,"column":3}},"28":{"start":{"line":29,"column":0},"end":{"line":29,"column":1}}},"s":{"0":1,"1":1,"3":1,"4":1,"6":0,"8":1,"10":1,"12":1,"14":0,"16":1,"18":0,"20":1,"22":0,"24":1,"26":0,"27":1,"28":1},"branchMap":{"0":{"type":"branch","line":1,"loc":{"start":{"line":1,"column":32},"end":{"line":29,"column":1}},"locations":[{"start":{"line":1,"column":32},"end":{"line":29,"column":1}}]},"1":{"type":"branch","line":5,"loc":{"start":{"line":5,"column":4},"end":{"line":7,"column":17}},"locations":[{"start":{"line":5,"column":4},"end":{"line":7,"column":17}}]},"2":{"type":"branch","line":13,"loc":{"start":{"line":13,"column":4},"end":{"line":15,"column":17}},"locations":[{"start":{"line":13,"column":4},"end":{"line":15,"column":17}}]},"3":{"type":"branch","line":17,"loc":{"start":{"line":17,"column":4},"end":{"line":19,"column":17}},"locations":[{"start":{"line":17,"column":4},"end":{"line":19,"column":17}}]},"4":{"type":"branch","line":21,"loc":{"start":{"line":21,"column":4},"end":{"line":23,"column":17}},"locations":[{"start":{"line":21,"column":4},"end":{"line":23,"column":17}}]},"5":{"type":"branch","line":25,"loc":{"start":{"line":25,"column":4},"end":{"line":27,"column":17}},"locations":[{"start":{"line":25,"column":4},"end":{"line":27,"column":17}}]}},"b":{"0":[1],"1":[0],"2":[0],"3":[0],"4":[0],"5":[0]},"fnMap":{"0":{"name":"mapStatusToEmoji","decl":{"start":{"line":1,"column":32},"end":{"line":29,"column":1}},"loc":{"start":{"line":1,"column":32},"end":{"line":29,"column":1}},"line":1}},"f":{"0":1}}
}
